<?xml version="1.0" encoding="UTF-8"?>
<!-- Generated by org.testng.reporters.JUnitReportReporter -->
<testsuite hostname="RajeshSripada" failures="0" tests="16" name="com.qa.opencart.tests.AccountsPageTest" time="0.000" errors="0" timestamp="15 Jul. 2023 18:00:59 GMT" skipped="16">
  <testcase classname="com.qa.opencart.tests.AccountsPageTest" name="SearchExistTest" time="0.000">
    <skipped/>
  </testcase> <!-- SearchExistTest -->
  <testcase classname="com.qa.opencart.tests.AccountsPageTest" name="productInfoTest" time="0.000">
    <skipped/>
  </testcase> <!-- productInfoTest -->
  <testcase classname="com.qa.opencart.tests.AccountsPageTest" name="searchTest" time="0.000">
    <skipped/>
  </testcase> <!-- searchTest -->
  <testcase classname="com.qa.opencart.tests.AccountsPageTest" name="searchTest" time="0.000">
    <skipped/>
  </testcase> <!-- searchTest -->
  <testcase classname="com.qa.opencart.tests.AccountsPageTest" name="searchTest" time="0.000">
    <skipped/>
  </testcase> <!-- searchTest -->
  <testcase classname="com.qa.opencart.tests.AccountsPageTest" name="searchTest" time="0.000">
    <skipped/>
  </testcase> <!-- searchTest -->
  <testcase classname="com.qa.opencart.tests.AccountsPageTest" name="accPageSectionsTest" time="0.000">
    <skipped/>
  </testcase> <!-- accPageSectionsTest -->
  <testcase classname="com.qa.opencart.tests.AccountsPageTest" name="accPageURLTest" time="0.000">
    <skipped/>
  </testcase> <!-- accPageURLTest -->
  <testcase classname="com.qa.opencart.tests.AccountsPageTest" name="logoutLinkTest" time="0.000">
    <skipped/>
  </testcase> <!-- logoutLinkTest -->
  <testcase classname="com.qa.opencart.tests.AccountsPageTest" name="logoutTest" time="0.000">
    <skipped/>
  </testcase> <!-- logoutTest -->
  <testcase classname="com.qa.opencart.tests.AccountsPageTest" name="accPageTitleTest" time="0.000">
    <skipped/>
  </testcase> <!-- accPageTitleTest -->
  <testcase classname="com.qa.opencart.tests.AccountsPageTest" name="accPageHeaderTest" time="0.000">
    <skipped/>
  </testcase> <!-- accPageHeaderTest -->
  <testcase classname="com.qa.opencart.tests.AccountsPageTest" name="productInfoDescriptionTest">
    <skipped/>
  </testcase> <!-- productInfoDescriptionTest -->
  <testcase classname="com.qa.opencart.tests.AccountsPageTest" name="addToCartTest">
    <skipped/>
  </testcase> <!-- addToCartTest -->
  <testcase classname="com.qa.opencart.tests.AccountsPageTest" name="productImageTest">
    <skipped/>
  </testcase> <!-- productImageTest -->
  <testcase classname="com.qa.opencart.tests.AccountsPageTest" name="selectProductTest">
    <skipped/>
  </testcase> <!-- selectProductTest -->
</testsuite> <!-- com.qa.opencart.tests.AccountsPageTest -->
